Traceback (most recent call last):
  File "/usr/share/miniconda/envs/arcdocs-jb/lib/python3.8/site-packages/jupyter_cache/executors/utils.py", line 51, in single_nb_execution
    executenb(
  File "/usr/share/miniconda/envs/arcdocs-jb/lib/python3.8/site-packages/nbclient/client.py", line 1204, in execute
    return NotebookClient(nb=nb, resources=resources, km=km, **kwargs).execute()
  File "/usr/share/miniconda/envs/arcdocs-jb/lib/python3.8/site-packages/nbclient/util.py", line 84, in wrapped
    return just_run(coro(*args, **kwargs))
  File "/usr/share/miniconda/envs/arcdocs-jb/lib/python3.8/site-packages/nbclient/util.py", line 62, in just_run
    return loop.run_until_complete(coro)
  File "/usr/share/miniconda/envs/arcdocs-jb/lib/python3.8/asyncio/base_events.py", line 616, in run_until_complete
    return future.result()
  File "/usr/share/miniconda/envs/arcdocs-jb/lib/python3.8/site-packages/nbclient/client.py", line 663, in async_execute
    await self.async_execute_cell(
  File "/usr/share/miniconda/envs/arcdocs-jb/lib/python3.8/site-packages/nbclient/client.py", line 965, in async_execute_cell
    await self._check_raise_for_error(cell, cell_index, exec_reply)
  File "/usr/share/miniconda/envs/arcdocs-jb/lib/python3.8/site-packages/nbclient/client.py", line 862, in _check_raise_for_error
    raise CellExecutionError.from_cell_and_msg(cell, exec_reply_content)
nbclient.exceptions.CellExecutionError: An error occurred while executing the following cell:
------------------
month = ['Jan', 'Feb', 'Mar', 'Apr']
data['month'] = month
------------------

[0;31m---------------------------------------------------------------------------[0m
[0;31mValueError[0m                                Traceback (most recent call last)
Cell [0;32mIn[40], line 2[0m
[1;32m      1[0m month [38;5;241m=[39m [[38;5;124m'[39m[38;5;124mJan[39m[38;5;124m'[39m, [38;5;124m'[39m[38;5;124mFeb[39m[38;5;124m'[39m, [38;5;124m'[39m[38;5;124mMar[39m[38;5;124m'[39m, [38;5;124m'[39m[38;5;124mApr[39m[38;5;124m'[39m]
[0;32m----> 2[0m [43mdata[49m[43m[[49m[38;5;124;43m'[39;49m[38;5;124;43mmonth[39;49m[38;5;124;43m'[39;49m[43m][49m [38;5;241m=[39m month

File [0;32m/usr/share/miniconda/envs/arcdocs-jb/lib/python3.8/site-packages/pandas/core/frame.py:3980[0m, in [0;36mDataFrame.__setitem__[0;34m(self, key, value)[0m
[1;32m   3977[0m     [38;5;28mself[39m[38;5;241m.[39m_setitem_array([key], value)
[1;32m   3978[0m [38;5;28;01melse[39;00m:
[1;32m   3979[0m     [38;5;66;03m# set column[39;00m
[0;32m-> 3980[0m     [38;5;28;43mself[39;49m[38;5;241;43m.[39;49m[43m_set_item[49m[43m([49m[43mkey[49m[43m,[49m[43m [49m[43mvalue[49m[43m)[49m

File [0;32m/usr/share/miniconda/envs/arcdocs-jb/lib/python3.8/site-packages/pandas/core/frame.py:4174[0m, in [0;36mDataFrame._set_item[0;34m(self, key, value)[0m
[1;32m   4164[0m [38;5;28;01mdef[39;00m [38;5;21m_set_item[39m([38;5;28mself[39m, key, value) [38;5;241m-[39m[38;5;241m>[39m [38;5;28;01mNone[39;00m:
[1;32m   4165[0m [38;5;250m    [39m[38;5;124;03m"""[39;00m
[1;32m   4166[0m [38;5;124;03m    Add series to DataFrame in specified column.[39;00m
[1;32m   4167[0m 
[0;32m   (...)[0m
[1;32m   4172[0m [38;5;124;03m    ensure homogeneity.[39;00m
[1;32m   4173[0m [38;5;124;03m    """[39;00m
[0;32m-> 4174[0m     value [38;5;241m=[39m [38;5;28;43mself[39;49m[38;5;241;43m.[39;49m[43m_sanitize_column[49m[43m([49m[43mvalue[49m[43m)[49m
[1;32m   4176[0m     [38;5;28;01mif[39;00m (
[1;32m   4177[0m         key [38;5;129;01min[39;00m [38;5;28mself[39m[38;5;241m.[39mcolumns
[1;32m   4178[0m         [38;5;129;01mand[39;00m value[38;5;241m.[39mndim [38;5;241m==[39m [38;5;241m1[39m
[1;32m   4179[0m         [38;5;129;01mand[39;00m [38;5;129;01mnot[39;00m is_extension_array_dtype(value)
[1;32m   4180[0m     ):
[1;32m   4181[0m         [38;5;66;03m# broadcast across multiple columns if necessary[39;00m
[1;32m   4182[0m         [38;5;28;01mif[39;00m [38;5;129;01mnot[39;00m [38;5;28mself[39m[38;5;241m.[39mcolumns[38;5;241m.[39mis_unique [38;5;129;01mor[39;00m [38;5;28misinstance[39m([38;5;28mself[39m[38;5;241m.[39mcolumns, MultiIndex):

File [0;32m/usr/share/miniconda/envs/arcdocs-jb/lib/python3.8/site-packages/pandas/core/frame.py:4915[0m, in [0;36mDataFrame._sanitize_column[0;34m(self, value)[0m
[1;32m   4912[0m     [38;5;28;01mreturn[39;00m _reindex_for_setitem(Series(value), [38;5;28mself[39m[38;5;241m.[39mindex)
[1;32m   4914[0m [38;5;28;01mif[39;00m is_list_like(value):
[0;32m-> 4915[0m     [43mcom[49m[38;5;241;43m.[39;49m[43mrequire_length_match[49m[43m([49m[43mvalue[49m[43m,[49m[43m [49m[38;5;28;43mself[39;49m[38;5;241;43m.[39;49m[43mindex[49m[43m)[49m
[1;32m   4916[0m [38;5;28;01mreturn[39;00m sanitize_array(value, [38;5;28mself[39m[38;5;241m.[39mindex, copy[38;5;241m=[39m[38;5;28;01mTrue[39;00m, allow_2d[38;5;241m=[39m[38;5;28;01mTrue[39;00m)

File [0;32m/usr/share/miniconda/envs/arcdocs-jb/lib/python3.8/site-packages/pandas/core/common.py:571[0m, in [0;36mrequire_length_match[0;34m(data, index)[0m
[1;32m    567[0m [38;5;250m[39m[38;5;124;03m"""[39;00m
[1;32m    568[0m [38;5;124;03mCheck the length of data matches the length of the index.[39;00m
[1;32m    569[0m [38;5;124;03m"""[39;00m
[1;32m    570[0m [38;5;28;01mif[39;00m [38;5;28mlen[39m(data) [38;5;241m!=[39m [38;5;28mlen[39m(index):
[0;32m--> 571[0m     [38;5;28;01mraise[39;00m [38;5;167;01mValueError[39;00m(
[1;32m    572[0m         [38;5;124m"[39m[38;5;124mLength of values [39m[38;5;124m"[39m
[1;32m    573[0m         [38;5;124mf[39m[38;5;124m"[39m[38;5;124m([39m[38;5;132;01m{[39;00m[38;5;28mlen[39m(data)[38;5;132;01m}[39;00m[38;5;124m) [39m[38;5;124m"[39m
[1;32m    574[0m         [38;5;124m"[39m[38;5;124mdoes not match length of index [39m[38;5;124m"[39m
[1;32m    575[0m         [38;5;124mf[39m[38;5;124m"[39m[38;5;124m([39m[38;5;132;01m{[39;00m[38;5;28mlen[39m(index)[38;5;132;01m}[39;00m[38;5;124m)[39m[38;5;124m"[39m
[1;32m    576[0m     )

[0;31mValueError[0m: Length of values (4) does not match length of index (8)
ValueError: Length of values (4) does not match length of index (8)

